Tm(
  SourcePos(Stdin, Pos(1, 1))
, HLet(
    "fv"
  , Tm(SourcePos(Stdin, Pos(1, 10)), HNat(5))
  , Tm(
      SourcePos(Stdin, Pos(2, 1))
    , HLet(
        "id"
      , Tm(
          SourcePos(Stdin, Pos(2, 10))
        , HLam("x", Tm(SourcePos(Stdin, Pos(2, 14)), HVar("x")))
        )
      , Tm(
          SourcePos(Stdin, Pos(3, 4))
        , HApp(
            Tm(SourcePos(Stdin, Pos(3, 4)), HVar("id"))
          , Tm(
              SourcePos(Stdin, Pos(3, 8))
            , HApp(
                Tm(SourcePos(Stdin, Pos(3, 8)), HVar("id"))
              , Tm(SourcePos(Stdin, Pos(3, 11)), HVar("fv"))
              )
            )
          )
        )
      )
    )
  )
)
